<?xml version="1.0" encoding="UTF-8"?>
<!-- Generated by org.testng.reporters.JUnitReportReporter -->
<testsuite hostname="NIT-WKS-353" name="Tests.LaunchPetStore" tests="1" failures="0" timestamp="19 Dec 2014 10:30:35 GMT" time="23.634" errors="0">
  <testcase name="RegisterUser" time="23.634" classname="Tests.LaunchPetStore"/>
</testsuite> <!-- Tests.LaunchPetStore -->
