<?xml version="1.0" encoding="UTF-8"?>
<!-- Generated by org.testng.reporters.JUnitReportReporter -->
<testsuite hostname="NIT-WKS-353" name="Tests.BuyPetTest" tests="1" failures="0" timestamp="10 Dec 2014 13:59:01 GMT" time="17.319" errors="0">
  <testcase name="buyDog" time="17.319" classname="Tests.BuyPetTest"/>
</testsuite> <!-- Tests.BuyPetTest -->
