<?xml version="1.0" encoding="UTF-8"?>
<!-- Generated by org.testng.reporters.JUnitReportReporter -->
<testsuite hostname="NIT-WKS-353" name="Tests.LaunchTest" tests="1" failures="0" timestamp="19 Dec 2014 12:05:35 GMT" time="9.394" errors="0">
  <testcase name="LaunchingTest" time="9.394" classname="Tests.LaunchTest"/>
</testsuite> <!-- Tests.LaunchTest -->
